[03:43:20] [main/INFO]: Setting user: Player671
[03:43:24] [Client thread/INFO]: LWJGL Version: 2.9.1
[03:43:45] [Client thread/INFO]: Reloading ResourceManager: Default, FMLFileResourcePack:Forge Mod Loader, FMLFileResourcePack:Minecraft Forge, FMLFileResourcePack:Not Enough Items, FMLFileResourcePack:X3N0BYT3, FMLFileResourcePack:UniMixins, FMLFileResourcePack:UniMixins: Mixin (UniMix), FMLFileResourcePack:UniMixins: Compatibility, FMLFileResourcePack:UniMixins: Mixingasm, FMLFileResourcePack:UniMixins: GTNHMixins, FMLFileResourcePack:UniMixins: SpongeMixins, FMLFileResourcePack:UniMixins: MixinBooterLegacy, FMLFileResourcePack:UniMixins: GasStation, FMLFileResourcePack:UniMixins: MixinExtras, FMLFileResourcePack:CustomNPC+, FMLFileResourcePack:CustomNPCsVanishFixer, FMLFileResourcePack:neiaddonsth, FMLFileResourcePack:NEIAddonTH, FMLFileResourcePack:NEI Addons: Developer Tools, FMLFileResourcePack:NEI Addons: Applied Energistics 2, FMLFileResourcePack:NEI Addons: Botany, FMLFileResourcePack:NEI Addons: Forestry, FMLFileResourcePack:NEI Addons: Crafting Tables, FMLFileResourcePack:NEI Addons, FMLFileResourcePack:NEI Addons: Ex Nihilo, FMLFileResourcePack:NEI Integration, FMLFileResourcePack:Not Enough Pets, FMLFileResourcePack:In-game NBTEdit
[03:44:02] [Sound Library Loader/INFO]: Sound engine started
[03:44:09] [Client thread/INFO]: Created: 16x16 textures/blocks-atlas
[03:44:09] [Client thread/INFO]: Created: 16x16 textures/items-atlas
[03:44:12] [Client thread/INFO]: Reloading ResourceManager: Default, FMLFileResourcePack:Forge Mod Loader, FMLFileResourcePack:Minecraft Forge, FMLFileResourcePack:Not Enough Items, FMLFileResourcePack:X3N0BYT3, FMLFileResourcePack:UniMixins, FMLFileResourcePack:UniMixins: Mixin (UniMix), FMLFileResourcePack:UniMixins: Compatibility, FMLFileResourcePack:UniMixins: Mixingasm, FMLFileResourcePack:UniMixins: GTNHMixins, FMLFileResourcePack:UniMixins: SpongeMixins, FMLFileResourcePack:UniMixins: MixinBooterLegacy, FMLFileResourcePack:UniMixins: GasStation, FMLFileResourcePack:UniMixins: MixinExtras, FMLFileResourcePack:CustomNPC+, FMLFileResourcePack:CustomNPCsVanishFixer, FMLFileResourcePack:neiaddonsth, FMLFileResourcePack:NEIAddonTH, FMLFileResourcePack:NEI Addons: Developer Tools, FMLFileResourcePack:NEI Addons: Applied Energistics 2, FMLFileResourcePack:NEI Addons: Botany, FMLFileResourcePack:NEI Addons: Forestry, FMLFileResourcePack:NEI Addons: Crafting Tables, FMLFileResourcePack:NEI Addons, FMLFileResourcePack:NEI Addons: Ex Nihilo, FMLFileResourcePack:NEI Integration, FMLFileResourcePack:§eNot Enough Pets, FMLFileResourcePack:In-game NBTEdit
[03:44:13] [Client thread/INFO]: Created: 512x256 textures/blocks-atlas
[03:44:15] [Client thread/INFO]: Created: 512x512 textures/items-atlas
[03:44:16] [Sound Library Loader/INFO]: Sound engine started
[03:44:41] [Client thread/INFO]: Connecting to localhost, 25565
[03:44:43] [Server Connector #1/ERROR]: Couldn't connect to server
java.net.ConnectException: Connection refused: no further information: localhost/127.0.0.1:25565
	at sun.nio.ch.SocketChannelImpl.checkConnect(Native Method) ~[?:1.8.0_372]
	at sun.nio.ch.SocketChannelImpl.finishConnect(SocketChannelImpl.java:716) ~[?:1.8.0_372]
	at io.netty.channel.socket.nio.NioSocketChannel.doFinishConnect(NioSocketChannel.java:191) ~[NioSocketChannel.class:?]
	at io.netty.channel.nio.AbstractNioChannel$AbstractNioUnsafe.finishConnect(AbstractNioChannel.java:228) ~[AbstractNioChannel$AbstractNioUnsafe.class:?]
	at io.netty.channel.nio.NioEventLoop.processSelectedKey(NioEventLoop.java:497) ~[NioEventLoop.class:?]
	at io.netty.channel.nio.NioEventLoop.processSelectedKeysOptimized(NioEventLoop.java:447) ~[NioEventLoop.class:?]
	at io.netty.channel.nio.NioEventLoop.run(NioEventLoop.java:341) ~[NioEventLoop.class:?]
	at io.netty.util.concurrent.SingleThreadEventExecutor$2.run(SingleThreadEventExecutor.java:101) ~[SingleThreadEventExecutor$2.class:?]
	at java.lang.Thread.run(Thread.java:750) ~[?:1.8.0_372]
[03:45:32] [Client thread/ERROR]: Can't ping localhost: Internal Exception: io.netty.handler.codec.DecoderException: com.google.gson.JsonSyntaxException: Expected status to be a JsonObject, was "Ser...g."
[03:45:35] [Client thread/ERROR]: Can't ping localhost: Internal Exception: io.netty.handler.codec.DecoderException: com.google.gson.JsonSyntaxException: Expected status to be a JsonObject, was "Ser...g."
[03:45:56] [Client thread/INFO]: Connecting to localhost, 25565
[03:46:33] [Client thread/INFO]: Stopping!
